[debug] [2020-09-12T05:26:29.911Z] ----------------------------------------------------------------------
[debug] [2020-09-12T05:26:29.914Z] Command:       /usr/local/bin/node /usr/local/bin/firebase emulators:start
[debug] [2020-09-12T05:26:29.914Z] CLI Version:   8.10.0
[debug] [2020-09-12T05:26:29.915Z] Platform:      darwin
[debug] [2020-09-12T05:26:29.915Z] Node Version:  v14.7.0
[debug] [2020-09-12T05:26:29.920Z] Time:          Sat Sep 12 2020 01:26:29 GMT-0400 (Eastern Daylight Time)
[debug] [2020-09-12T05:26:29.920Z] ----------------------------------------------------------------------
[debug] [2020-09-12T05:26:29.921Z] 
[debug] [2020-09-12T05:26:29.929Z] > command requires scopes: ["email","openid","https://www.googleapis.com/auth/cloudplatformprojects.readonly","https://www.googleapis.com/auth/firebase","https://www.googleapis.com/auth/cloud-platform"]
[debug] [2020-09-12T05:26:29.930Z] > authorizing via signed-in user
[info] i  emulators: Starting emulators: functions, hosting {"metadata":{"emulator":{"name":"hub"},"message":"Starting emulators: functions, hosting"}}
[warn] ⚠  emulators: It seems that you are running multiple instances of the emulator suite for project clone-1-e14e1. This may result in unexpected behavior. 
[debug] [2020-09-12T05:26:29.978Z] [hub] writing locator at /var/folders/cw/vqbsjn5j1z1dwsyd71ztnr9h0000gn/T/hub-clone-1-e14e1.json
[warn] ⚠  functions: The following emulators are not running, calls to these services from the Functions emulator will affect production: firestore, database, pubsub {"metadata":{"emulator":{"name":"functions"},"message":"The following emulators are not running, calls to these services from the Functions emulator will affect production: \u001b[1mfirestore, database, pubsub\u001b[22m"}}
[warn] ⚠  Your requested "node" version "10" doesn't match your global version "14" {"metadata":{"emulator":{"name":"functions"},"message":"Your requested \"node\" version \"10\" doesn't match your global version \"14\""}}
[debug] [2020-09-12T05:26:30.045Z] defaultcredentials: writing to file /Users/sriramrakshith/.config/firebase/sriramrakshithkolar_gmail_com_application_default_credentials.json
[debug] [2020-09-12T05:26:30.058Z] Setting GAC to /Users/sriramrakshith/.config/firebase/sriramrakshithkolar_gmail_com_application_default_credentials.json {"metadata":{"emulator":{"name":"functions"},"message":"Setting GAC to /Users/sriramrakshith/.config/firebase/sriramrakshithkolar_gmail_com_application_default_credentials.json"}}
[debug] [2020-09-12T05:26:30.326Z] >>> HTTP REQUEST GET https://firebase.googleapis.com/v1beta1/projects/clone-1-e14e1/webApps/-/config  
 
[debug] [2020-09-12T05:26:30.776Z] <<< HTTP RESPONSE 200 {"content-type":"application/json; charset=UTF-8","vary":"X-Origin, Referer, Origin,Accept-Encoding","date":"Sat, 12 Sep 2020 05:26:30 GMT","server":"ESF","cache-control":"private","x-xss-protection":"0","x-frame-options":"SAMEORIGIN","x-content-type-options":"nosniff","alt-svc":"h3-29=\":443\"; ma=2592000,h3-27=\":443\"; ma=2592000,h3-T051=\":443\"; ma=2592000,h3-T050=\":443\"; ma=2592000,h3-Q050=\":443\"; ma=2592000,h3-Q046=\":443\"; ma=2592000,h3-Q043=\":443\"; ma=2592000,quic=\":443\"; ma=2592000; v=\"46,43\"","accept-ranges":"none","transfer-encoding":"chunked"}
[info] i  hosting: Serving hosting files from: build {"metadata":{"emulator":{"name":"hosting"},"message":"Serving hosting files from: \u001b[1mbuild\u001b[22m"}}
[info] ✔  hosting: Local server: http://localhost:5000 {"metadata":{"emulator":{"name":"hosting"},"message":"Local server: \u001b[4m\u001b[1mhttp://localhost:5000\u001b[22m\u001b[24m"}}
[debug] [2020-09-12T05:26:31.078Z] Ignoring unsupported arg: auto_download {"metadata":{"emulator":{"name":"ui"},"message":"Ignoring unsupported arg: auto_download"}}
[debug] [2020-09-12T05:26:31.078Z] Ignoring unsupported arg: port {"metadata":{"emulator":{"name":"ui"},"message":"Ignoring unsupported arg: port"}}
[debug] [2020-09-12T05:26:31.078Z] Starting Emulator UI with command {"binary":"node","args":["/Users/sriramrakshith/.cache/firebase/emulators/ui-v1.1.1/server.bundle.js"],"optionalArgs":[],"joinArgs":false} {"metadata":{"emulator":{"name":"ui"},"message":"Starting Emulator UI with command {\"binary\":\"node\",\"args\":[\"/Users/sriramrakshith/.cache/firebase/emulators/ui-v1.1.1/server.bundle.js\"],\"optionalArgs\":[],\"joinArgs\":false}"}}
[info] i  ui: Emulator UI logging to ui-debug.log {"metadata":{"emulator":{"name":"ui"},"message":"Emulator UI logging to \u001b[1mui-debug.log\u001b[22m"}}
[debug] [2020-09-12T05:26:31.244Z] Web / API server started at http://localhost:4000
 {"metadata":{"emulator":{"name":"ui"},"message":"Web / API server started at http://localhost:4000\n"}}
[info] i  functions: Watching "/Users/sriramrakshith/javascript work/React-Dev/amazon-clone/functions" for Cloud Functions... {"metadata":{"emulator":{"name":"functions"},"message":"Watching \"/Users/sriramrakshith/javascript work/React-Dev/amazon-clone/functions\" for Cloud Functions..."}}
[debug] [2020-09-12T05:26:31.365Z] [worker-pool] addWorker(~diagnostic~) {"metadata":{"emulator":{"name":"functions"},"message":"[worker-pool] addWorker(~diagnostic~)"}}
[debug] [2020-09-12T05:26:31.366Z] [worker-pool] Adding worker with key ~diagnostic~, total=1 {"metadata":{"emulator":{"name":"functions"},"message":"[worker-pool] Adding worker with key ~diagnostic~, total=1"}}
[debug] [2020-09-12T05:26:31.366Z] [worker-pool] submitWork(triggerId=) {"metadata":{"emulator":{"name":"functions"},"message":"[worker-pool] submitWork(triggerId=)"}}
[debug] [2020-09-12T05:26:31.366Z] [worker-~diagnostic~-0b9d0588-6b90-43e4-9611-f5cc169a15a0]: Assigning socketPath: /var/folders/cw/vqbsjn5j1z1dwsyd71ztnr9h0000gn/T/fire_emu_6558.sock {"metadata":{"emulator":{"name":"functions"},"message":"[worker-~diagnostic~-0b9d0588-6b90-43e4-9611-f5cc169a15a0]: Assigning socketPath: /var/folders/cw/vqbsjn5j1z1dwsyd71ztnr9h0000gn/T/fire_emu_6558.sock"}}
[debug] [2020-09-12T05:26:31.367Z] [worker-~diagnostic~-0b9d0588-6b90-43e4-9611-f5cc169a15a0]: BUSY {"metadata":{"emulator":{"name":"functions"},"message":"[worker-~diagnostic~-0b9d0588-6b90-43e4-9611-f5cc169a15a0]: BUSY"}}
[debug] [2020-09-12T05:26:32.032Z] [runtime-status] [6558] Functions runtime initialized. {"cwd":"/Users/sriramrakshith/javascript work/React-Dev/amazon-clone/functions","node_version":"14.7.0"} {"metadata":{"emulator":{"name":"functions"},"message":"[runtime-status] [6558] Functions runtime initialized. {\"cwd\":\"/Users/sriramrakshith/javascript work/React-Dev/amazon-clone/functions\",\"node_version\":\"14.7.0\"}"}}
[debug] [2020-09-12T05:26:32.040Z] [runtime-status] [6558] Disabled runtime features: undefined {"metadata":{"emulator":{"name":"functions"},"message":"[runtime-status] [6558] Disabled runtime features: undefined"}}
[debug] [2020-09-12T05:26:32.043Z] [runtime-status] [6558] Resolved module firebase-admin {"declared":true,"installed":true,"version":"8.13.0","resolution":"/Users/sriramrakshith/javascript work/React-Dev/amazon-clone/functions/node_modules/firebase-admin/lib/index.js"} {"metadata":{"emulator":{"name":"functions"},"message":"[runtime-status] [6558] Resolved module firebase-admin {\"declared\":true,\"installed\":true,\"version\":\"8.13.0\",\"resolution\":\"/Users/sriramrakshith/javascript work/React-Dev/amazon-clone/functions/node_modules/firebase-admin/lib/index.js\"}"}}
[debug] [2020-09-12T05:26:32.047Z] [runtime-status] [6558] Resolved module firebase-functions {"declared":true,"installed":true,"version":"3.11.0","resolution":"/Users/sriramrakshith/javascript work/React-Dev/amazon-clone/functions/node_modules/firebase-functions/lib/index.js"} {"metadata":{"emulator":{"name":"functions"},"message":"[runtime-status] [6558] Resolved module firebase-functions {\"declared\":true,\"installed\":true,\"version\":\"3.11.0\",\"resolution\":\"/Users/sriramrakshith/javascript work/React-Dev/amazon-clone/functions/node_modules/firebase-functions/lib/index.js\"}"}}
[debug] [2020-09-12T05:26:32.052Z] [runtime-status] [6558] Resolved module firebase-functions {"declared":true,"installed":true,"version":"3.11.0","resolution":"/Users/sriramrakshith/javascript work/React-Dev/amazon-clone/functions/node_modules/firebase-functions/lib/index.js"} {"metadata":{"emulator":{"name":"functions"},"message":"[runtime-status] [6558] Resolved module firebase-functions {\"declared\":true,\"installed\":true,\"version\":\"3.11.0\",\"resolution\":\"/Users/sriramrakshith/javascript work/React-Dev/amazon-clone/functions/node_modules/firebase-functions/lib/index.js\"}"}}
[debug] [2020-09-12T05:26:32.055Z] [runtime-status] [6558] Outgoing network have been stubbed. [{"name":"http","status":"mocked"},{"name":"http","status":"mocked"},{"name":"https","status":"mocked"},{"name":"https","status":"mocked"},{"name":"net","status":"mocked"}] {"metadata":{"emulator":{"name":"functions"},"message":"[runtime-status] [6558] Outgoing network have been stubbed. [{\"name\":\"http\",\"status\":\"mocked\"},{\"name\":\"http\",\"status\":\"mocked\"},{\"name\":\"https\",\"status\":\"mocked\"},{\"name\":\"https\",\"status\":\"mocked\"},{\"name\":\"net\",\"status\":\"mocked\"}]"}}
[debug] [2020-09-12T05:26:32.056Z] [runtime-status] [6558] Resolved module firebase-functions {"declared":true,"installed":true,"version":"3.11.0","resolution":"/Users/sriramrakshith/javascript work/React-Dev/amazon-clone/functions/node_modules/firebase-functions/lib/index.js"} {"metadata":{"emulator":{"name":"functions"},"message":"[runtime-status] [6558] Resolved module firebase-functions {\"declared\":true,\"installed\":true,\"version\":\"3.11.0\",\"resolution\":\"/Users/sriramrakshith/javascript work/React-Dev/amazon-clone/functions/node_modules/firebase-functions/lib/index.js\"}"}}
[debug] [2020-09-12T05:26:32.214Z] [runtime-status] [6558] Checked functions.config() {"config":{}} {"metadata":{"emulator":{"name":"functions"},"message":"[runtime-status] [6558] Checked functions.config() {\"config\":{}}"}}
[debug] [2020-09-12T05:26:32.214Z] [runtime-status] [6558] firebase-functions has been stubbed. {"functionsResolution":{"declared":true,"installed":true,"version":"3.11.0","resolution":"/Users/sriramrakshith/javascript work/React-Dev/amazon-clone/functions/node_modules/firebase-functions/lib/index.js"}} {"metadata":{"emulator":{"name":"functions"},"message":"[runtime-status] [6558] firebase-functions has been stubbed. {\"functionsResolution\":{\"declared\":true,\"installed\":true,\"version\":\"3.11.0\",\"resolution\":\"/Users/sriramrakshith/javascript work/React-Dev/amazon-clone/functions/node_modules/firebase-functions/lib/index.js\"}}"}}
[debug] [2020-09-12T05:26:32.215Z] [runtime-status] [6558] Resolved module firebase-functions {"declared":true,"installed":true,"version":"3.11.0","resolution":"/Users/sriramrakshith/javascript work/React-Dev/amazon-clone/functions/node_modules/firebase-functions/lib/index.js"} {"metadata":{"emulator":{"name":"functions"},"message":"[runtime-status] [6558] Resolved module firebase-functions {\"declared\":true,\"installed\":true,\"version\":\"3.11.0\",\"resolution\":\"/Users/sriramrakshith/javascript work/React-Dev/amazon-clone/functions/node_modules/firebase-functions/lib/index.js\"}"}}
[debug] [2020-09-12T05:26:32.217Z] [runtime-status] [6558] Resolved module firebase-admin {"declared":true,"installed":true,"version":"8.13.0","resolution":"/Users/sriramrakshith/javascript work/React-Dev/amazon-clone/functions/node_modules/firebase-admin/lib/index.js"} {"metadata":{"emulator":{"name":"functions"},"message":"[runtime-status] [6558] Resolved module firebase-admin {\"declared\":true,\"installed\":true,\"version\":\"8.13.0\",\"resolution\":\"/Users/sriramrakshith/javascript work/React-Dev/amazon-clone/functions/node_modules/firebase-admin/lib/index.js\"}"}}
[debug] [2020-09-12T05:26:32.217Z] [runtime-status] [6558] Resolved module firebase-functions {"declared":true,"installed":true,"version":"3.11.0","resolution":"/Users/sriramrakshith/javascript work/React-Dev/amazon-clone/functions/node_modules/firebase-functions/lib/index.js"} {"metadata":{"emulator":{"name":"functions"},"message":"[runtime-status] [6558] Resolved module firebase-functions {\"declared\":true,\"installed\":true,\"version\":\"3.11.0\",\"resolution\":\"/Users/sriramrakshith/javascript work/React-Dev/amazon-clone/functions/node_modules/firebase-functions/lib/index.js\"}"}}
[debug] [2020-09-12T05:26:32.218Z] [runtime-status] [6558] firebase-admin has been stubbed. {"adminResolution":{"declared":true,"installed":true,"version":"8.13.0","resolution":"/Users/sriramrakshith/javascript work/React-Dev/amazon-clone/functions/node_modules/firebase-admin/lib/index.js"}} {"metadata":{"emulator":{"name":"functions"},"message":"[runtime-status] [6558] firebase-admin has been stubbed. {\"adminResolution\":{\"declared\":true,\"installed\":true,\"version\":\"8.13.0\",\"resolution\":\"/Users/sriramrakshith/javascript work/React-Dev/amazon-clone/functions/node_modules/firebase-admin/lib/index.js\"}}"}}
[info] ✔  functions[api]: http function initialized (http://localhost:5001/clone-1-e14e1/us-central1/api). {"metadata":{"emulator":{"name":"functions"},"message":"\u001b[1mhttp\u001b[22m function initialized (http://localhost:5001/clone-1-e14e1/us-central1/api)."}}
[info] 
┌───────────────────────────────────────────────────────────────────────┐
│ ✔  All emulators ready! View status and logs at http://localhost:4000 │
└───────────────────────────────────────────────────────────────────────┘

┌───────────┬────────────────┬─────────────────────────────────┐
│ Emulator  │ Host:Port      │ View in Emulator UI             │
├───────────┼────────────────┼─────────────────────────────────┤
│ Functions │ localhost:5001 │ http://localhost:4000/functions │
├───────────┼────────────────┼─────────────────────────────────┤
│ Hosting   │ localhost:5000 │ n/a                             │
└───────────┴────────────────┴─────────────────────────────────┘
  Other reserved ports: 4400, 4500

Issues? Report them at https://github.com/firebase/firebase-tools/issues and attach the *-debug.log files.
 
[debug] [2020-09-12T05:26:32.832Z] [worker-~diagnostic~-0b9d0588-6b90-43e4-9611-f5cc169a15a0]: IDLE {"metadata":{"emulator":{"name":"functions"},"message":"[worker-~diagnostic~-0b9d0588-6b90-43e4-9611-f5cc169a15a0]: IDLE"}}
[debug] [2020-09-12T05:26:40.504Z] [work-queue] {"queueLength":1,"workRunningCount":0}
[debug] [2020-09-12T05:26:40.504Z] [work-queue] {"queueLength":0,"workRunningCount":1}
[debug] [2020-09-12T05:26:40.504Z] Accepted request POST /clone-1-e14e1/us-central1/api/payments/create?total=23998 --> api
[debug] [2020-09-12T05:26:40.517Z] [worker-pool] addWorker(api) {"metadata":{"emulator":{"name":"functions"},"message":"[worker-pool] addWorker(api)"}}
[debug] [2020-09-12T05:26:40.518Z] [worker-pool] Adding worker with key api, total=1 {"metadata":{"emulator":{"name":"functions"},"message":"[worker-pool] Adding worker with key api, total=1"}}
[debug] [2020-09-12T05:26:40.518Z] [worker-pool] submitWork(triggerId=api) {"metadata":{"emulator":{"name":"functions"},"message":"[worker-pool] submitWork(triggerId=api)"}}
[debug] [2020-09-12T05:26:40.518Z] [worker-api-8d38fff5-3e4f-4171-84e5-2e3b4a942645]: Assigning socketPath: /var/folders/cw/vqbsjn5j1z1dwsyd71ztnr9h0000gn/T/fire_emu_6560.sock {"metadata":{"emulator":{"name":"functions"},"message":"[worker-api-8d38fff5-3e4f-4171-84e5-2e3b4a942645]: Assigning socketPath: /var/folders/cw/vqbsjn5j1z1dwsyd71ztnr9h0000gn/T/fire_emu_6560.sock"}}
[debug] [2020-09-12T05:26:40.518Z] [worker-api-8d38fff5-3e4f-4171-84e5-2e3b4a942645]: BUSY {"metadata":{"emulator":{"name":"functions"},"message":"[worker-api-8d38fff5-3e4f-4171-84e5-2e3b4a942645]: BUSY"}}
[debug] [2020-09-12T05:26:41.109Z] [runtime-status] [6560] Functions runtime initialized. {"cwd":"/Users/sriramrakshith/javascript work/React-Dev/amazon-clone/functions","node_version":"14.7.0"} {"metadata":{"emulator":{"name":"functions"},"function":{"name":"api"},"message":"[runtime-status] [6560] Functions runtime initialized. {\"cwd\":\"/Users/sriramrakshith/javascript work/React-Dev/amazon-clone/functions\",\"node_version\":\"14.7.0\"}"}}
[debug] [2020-09-12T05:26:41.115Z] [runtime-status] [6560] Disabled runtime features: undefined {"metadata":{"emulator":{"name":"functions"},"function":{"name":"api"},"message":"[runtime-status] [6560] Disabled runtime features: undefined"}}
[debug] [2020-09-12T05:26:41.119Z] [runtime-status] [6560] Resolved module firebase-admin {"declared":true,"installed":true,"version":"8.13.0","resolution":"/Users/sriramrakshith/javascript work/React-Dev/amazon-clone/functions/node_modules/firebase-admin/lib/index.js"} {"metadata":{"emulator":{"name":"functions"},"function":{"name":"api"},"message":"[runtime-status] [6560] Resolved module firebase-admin {\"declared\":true,\"installed\":true,\"version\":\"8.13.0\",\"resolution\":\"/Users/sriramrakshith/javascript work/React-Dev/amazon-clone/functions/node_modules/firebase-admin/lib/index.js\"}"}}
[debug] [2020-09-12T05:26:41.122Z] [runtime-status] [6560] Resolved module firebase-functions {"declared":true,"installed":true,"version":"3.11.0","resolution":"/Users/sriramrakshith/javascript work/React-Dev/amazon-clone/functions/node_modules/firebase-functions/lib/index.js"} {"metadata":{"emulator":{"name":"functions"},"function":{"name":"api"},"message":"[runtime-status] [6560] Resolved module firebase-functions {\"declared\":true,\"installed\":true,\"version\":\"3.11.0\",\"resolution\":\"/Users/sriramrakshith/javascript work/React-Dev/amazon-clone/functions/node_modules/firebase-functions/lib/index.js\"}"}}
[debug] [2020-09-12T05:26:41.123Z] [runtime-status] [6560] Resolved module firebase-functions {"declared":true,"installed":true,"version":"3.11.0","resolution":"/Users/sriramrakshith/javascript work/React-Dev/amazon-clone/functions/node_modules/firebase-functions/lib/index.js"} {"metadata":{"emulator":{"name":"functions"},"function":{"name":"api"},"message":"[runtime-status] [6560] Resolved module firebase-functions {\"declared\":true,\"installed\":true,\"version\":\"3.11.0\",\"resolution\":\"/Users/sriramrakshith/javascript work/React-Dev/amazon-clone/functions/node_modules/firebase-functions/lib/index.js\"}"}}
[debug] [2020-09-12T05:26:41.125Z] [runtime-status] [6560] Outgoing network have been stubbed. [{"name":"http","status":"mocked"},{"name":"http","status":"mocked"},{"name":"https","status":"mocked"},{"name":"https","status":"mocked"},{"name":"net","status":"mocked"}] {"metadata":{"emulator":{"name":"functions"},"function":{"name":"api"},"message":"[runtime-status] [6560] Outgoing network have been stubbed. [{\"name\":\"http\",\"status\":\"mocked\"},{\"name\":\"http\",\"status\":\"mocked\"},{\"name\":\"https\",\"status\":\"mocked\"},{\"name\":\"https\",\"status\":\"mocked\"},{\"name\":\"net\",\"status\":\"mocked\"}]"}}
[debug] [2020-09-12T05:26:41.125Z] [runtime-status] [6560] Resolved module firebase-functions {"declared":true,"installed":true,"version":"3.11.0","resolution":"/Users/sriramrakshith/javascript work/React-Dev/amazon-clone/functions/node_modules/firebase-functions/lib/index.js"} {"metadata":{"emulator":{"name":"functions"},"function":{"name":"api"},"message":"[runtime-status] [6560] Resolved module firebase-functions {\"declared\":true,\"installed\":true,\"version\":\"3.11.0\",\"resolution\":\"/Users/sriramrakshith/javascript work/React-Dev/amazon-clone/functions/node_modules/firebase-functions/lib/index.js\"}"}}
[debug] [2020-09-12T05:26:41.175Z] [runtime-status] [6560] Checked functions.config() {"config":{}} {"metadata":{"emulator":{"name":"functions"},"function":{"name":"api"},"message":"[runtime-status] [6560] Checked functions.config() {\"config\":{}}"}}
[debug] [2020-09-12T05:26:41.178Z] [runtime-status] [6560] firebase-functions has been stubbed. {"functionsResolution":{"declared":true,"installed":true,"version":"3.11.0","resolution":"/Users/sriramrakshith/javascript work/React-Dev/amazon-clone/functions/node_modules/firebase-functions/lib/index.js"}} {"metadata":{"emulator":{"name":"functions"},"function":{"name":"api"},"message":"[runtime-status] [6560] firebase-functions has been stubbed. {\"functionsResolution\":{\"declared\":true,\"installed\":true,\"version\":\"3.11.0\",\"resolution\":\"/Users/sriramrakshith/javascript work/React-Dev/amazon-clone/functions/node_modules/firebase-functions/lib/index.js\"}}"}}
[debug] [2020-09-12T05:26:41.178Z] [runtime-status] [6560] Resolved module firebase-functions {"declared":true,"installed":true,"version":"3.11.0","resolution":"/Users/sriramrakshith/javascript work/React-Dev/amazon-clone/functions/node_modules/firebase-functions/lib/index.js"} {"metadata":{"emulator":{"name":"functions"},"function":{"name":"api"},"message":"[runtime-status] [6560] Resolved module firebase-functions {\"declared\":true,\"installed\":true,\"version\":\"3.11.0\",\"resolution\":\"/Users/sriramrakshith/javascript work/React-Dev/amazon-clone/functions/node_modules/firebase-functions/lib/index.js\"}"}}
[debug] [2020-09-12T05:26:41.179Z] [runtime-status] [6560] Resolved module firebase-admin {"declared":true,"installed":true,"version":"8.13.0","resolution":"/Users/sriramrakshith/javascript work/React-Dev/amazon-clone/functions/node_modules/firebase-admin/lib/index.js"} {"metadata":{"emulator":{"name":"functions"},"function":{"name":"api"},"message":"[runtime-status] [6560] Resolved module firebase-admin {\"declared\":true,\"installed\":true,\"version\":\"8.13.0\",\"resolution\":\"/Users/sriramrakshith/javascript work/React-Dev/amazon-clone/functions/node_modules/firebase-admin/lib/index.js\"}"}}
[debug] [2020-09-12T05:26:41.181Z] [runtime-status] [6560] Resolved module firebase-functions {"declared":true,"installed":true,"version":"3.11.0","resolution":"/Users/sriramrakshith/javascript work/React-Dev/amazon-clone/functions/node_modules/firebase-functions/lib/index.js"} {"metadata":{"emulator":{"name":"functions"},"function":{"name":"api"},"message":"[runtime-status] [6560] Resolved module firebase-functions {\"declared\":true,\"installed\":true,\"version\":\"3.11.0\",\"resolution\":\"/Users/sriramrakshith/javascript work/React-Dev/amazon-clone/functions/node_modules/firebase-functions/lib/index.js\"}"}}
[debug] [2020-09-12T05:26:41.181Z] [runtime-status] [6560] firebase-admin has been stubbed. {"adminResolution":{"declared":true,"installed":true,"version":"8.13.0","resolution":"/Users/sriramrakshith/javascript work/React-Dev/amazon-clone/functions/node_modules/firebase-admin/lib/index.js"}} {"metadata":{"emulator":{"name":"functions"},"function":{"name":"api"},"message":"[runtime-status] [6560] firebase-admin has been stubbed. {\"adminResolution\":{\"declared\":true,\"installed\":true,\"version\":\"8.13.0\",\"resolution\":\"/Users/sriramrakshith/javascript work/React-Dev/amazon-clone/functions/node_modules/firebase-admin/lib/index.js\"}}"}}
[debug] [2020-09-12T05:26:41.339Z] [runtime-status] [6560] Trigger "api" has been found, beginning invocation! {"metadata":{"emulator":{"name":"functions"},"function":{"name":"api"},"message":"[runtime-status] [6560] Trigger \"api\" has been found, beginning invocation!"}}
[info] i  functions: Beginning execution of "api" {"metadata":{"emulator":{"name":"functions"},"function":{"name":"api"},"message":"Beginning execution of \"api\""}}
[debug] [2020-09-12T05:26:41.342Z] [runtime-status] [6560] triggerDefinition {"httpsTrigger":{},"name":"api","entryPoint":"api"} {"metadata":{"emulator":{"name":"functions"},"function":{"name":"api"},"message":"[runtime-status] [6560] triggerDefinition {\"httpsTrigger\":{},\"name\":\"api\",\"entryPoint\":\"api\"}"}}
[debug] [2020-09-12T05:26:41.342Z] [runtime-status] [6560] Running api in mode HTTPS {"metadata":{"emulator":{"name":"functions"},"function":{"name":"api"},"message":"[runtime-status] [6560] Running api in mode HTTPS"}}
[debug] [2020-09-12T05:26:41.358Z] [runtime-status] [6560] Attempting to listen to socketPath: /var/folders/cw/vqbsjn5j1z1dwsyd71ztnr9h0000gn/T/fire_emu_6560.sock {"metadata":{"emulator":{"name":"functions"},"function":{"name":"api"},"message":"[runtime-status] [6560] Attempting to listen to socketPath: /var/folders/cw/vqbsjn5j1z1dwsyd71ztnr9h0000gn/T/fire_emu_6560.sock"}}
[debug] [2020-09-12T05:26:41.361Z] [functions] Runtime ready! Sending request! {"metadata":{"emulator":{"name":"functions"},"message":"[functions] Runtime ready! Sending request!"}}
[debug] [2020-09-12T05:26:41.411Z] [runtime-status] [6560] Ephemeral server handling POST request {"metadata":{"emulator":{"name":"functions"},"function":{"name":"api"},"message":"[runtime-status] [6560] Ephemeral server handling POST request"}}
[info] >  Payment Request Recieved BOOM!!! for this amount >>>  23998 {"user":"Payment Request Recieved BOOM!!! for this amount >>>  23998","metadata":{"emulator":{"name":"functions"},"function":{"name":"api"},"message":"\u001b[90m> \u001b[39m Payment Request Recieved BOOM!!! for this amount >>>  23998"}}
[debug] [2020-09-12T05:26:41.444Z] [runtime-status] [6560] Ephemeral server survived. {"metadata":{"emulator":{"name":"functions"},"function":{"name":"api"},"message":"[runtime-status] [6560] Ephemeral server survived."}}
[info] i  functions: Finished "api" in ~1s {"metadata":{"emulator":{"name":"functions"},"function":{"name":"api"},"message":"Finished \"api\" in ~1s"}}
[debug] [2020-09-12T05:26:41.960Z] [worker-api-8d38fff5-3e4f-4171-84e5-2e3b4a942645]: IDLE {"metadata":{"emulator":{"name":"functions"},"message":"[worker-api-8d38fff5-3e4f-4171-84e5-2e3b4a942645]: IDLE"}}
[debug] [2020-09-12T05:26:41.960Z] [work-queue] {"queueLength":0,"workRunningCount":0}
[debug] [2020-09-12T05:27:46.617Z] [work-queue] {"queueLength":1,"workRunningCount":0}
[debug] [2020-09-12T05:27:46.617Z] [work-queue] {"queueLength":0,"workRunningCount":1}
[debug] [2020-09-12T05:27:46.617Z] Accepted request POST /clone-1-e14e1/us-central1/api/payments/create?total=0 --> api
[debug] [2020-09-12T05:27:46.617Z] [worker-pool] submitWork(triggerId=api) {"metadata":{"emulator":{"name":"functions"},"message":"[worker-pool] submitWork(triggerId=api)"}}
[debug] [2020-09-12T05:27:46.618Z] [worker-api-8d38fff5-3e4f-4171-84e5-2e3b4a942645]: Assigning socketPath: /var/folders/cw/vqbsjn5j1z1dwsyd71ztnr9h0000gn/T/fire_emu_6560.sock {"metadata":{"emulator":{"name":"functions"},"message":"[worker-api-8d38fff5-3e4f-4171-84e5-2e3b4a942645]: Assigning socketPath: /var/folders/cw/vqbsjn5j1z1dwsyd71ztnr9h0000gn/T/fire_emu_6560.sock"}}
[debug] [2020-09-12T05:27:46.618Z] [worker-api-8d38fff5-3e4f-4171-84e5-2e3b4a942645]: BUSY {"metadata":{"emulator":{"name":"functions"},"message":"[worker-api-8d38fff5-3e4f-4171-84e5-2e3b4a942645]: BUSY"}}
[debug] [2020-09-12T05:27:46.629Z] [runtime-status] [6560] Trigger "api" has been found, beginning invocation! {"metadata":{"emulator":{"name":"functions"},"function":{"name":"api"},"message":"[runtime-status] [6560] Trigger \"api\" has been found, beginning invocation!"}}
[info] i  functions: Beginning execution of "api" {"metadata":{"emulator":{"name":"functions"},"function":{"name":"api"},"message":"Beginning execution of \"api\""}}
[debug] [2020-09-12T05:27:46.631Z] [runtime-status] [6560] triggerDefinition {"httpsTrigger":{},"name":"api","entryPoint":"api"} {"metadata":{"emulator":{"name":"functions"},"function":{"name":"api"},"message":"[runtime-status] [6560] triggerDefinition {\"httpsTrigger\":{},\"name\":\"api\",\"entryPoint\":\"api\"}"}}
[debug] [2020-09-12T05:27:46.631Z] [runtime-status] [6560] Running api in mode HTTPS {"metadata":{"emulator":{"name":"functions"},"function":{"name":"api"},"message":"[runtime-status] [6560] Running api in mode HTTPS"}}
[debug] [2020-09-12T05:27:46.631Z] [runtime-status] [6560] Attempting to listen to socketPath: /var/folders/cw/vqbsjn5j1z1dwsyd71ztnr9h0000gn/T/fire_emu_6560.sock {"metadata":{"emulator":{"name":"functions"},"function":{"name":"api"},"message":"[runtime-status] [6560] Attempting to listen to socketPath: /var/folders/cw/vqbsjn5j1z1dwsyd71ztnr9h0000gn/T/fire_emu_6560.sock"}}
[debug] [2020-09-12T05:27:46.633Z] [functions] Runtime ready! Sending request! {"metadata":{"emulator":{"name":"functions"},"message":"[functions] Runtime ready! Sending request!"}}
[debug] [2020-09-12T05:27:46.654Z] [runtime-status] [6560] Ephemeral server handling POST request {"metadata":{"emulator":{"name":"functions"},"function":{"name":"api"},"message":"[runtime-status] [6560] Ephemeral server handling POST request"}}
[debug] [2020-09-12T05:27:46.654Z] [runtime-status] [6560] Ephemeral server survived. {"metadata":{"emulator":{"name":"functions"},"function":{"name":"api"},"message":"[runtime-status] [6560] Ephemeral server survived."}}
[info] >  Payment Request Recieved BOOM!!! for this amount >>>  0 {"user":"Payment Request Recieved BOOM!!! for this amount >>>  0","metadata":{"emulator":{"name":"functions"},"function":{"name":"api"},"message":"\u001b[90m> \u001b[39m Payment Request Recieved BOOM!!! for this amount >>>  0"}}
[info] >  (node:6560) UnhandledPromiseRejectionWarning: Error: This value must be greater than or equal to 1. {"user":"(node:6560) UnhandledPromiseRejectionWarning: Error: This value must be greater than or equal to 1.","metadata":{"emulator":{"name":"functions"},"function":{"name":"api"},"message":"\u001b[90m> \u001b[39m (node:6560) UnhandledPromiseRejectionWarning: Error: This value must be greater than or equal to 1."}}
[info] >      at Function.generate (/Users/sriramrakshith/javascript work/React-Dev/amazon-clone/functions/node_modules/stripe/lib/Error.js:39:16) {"user":"    at Function.generate (/Users/sriramrakshith/javascript work/React-Dev/amazon-clone/functions/node_modules/stripe/lib/Error.js:39:16)","metadata":{"emulator":{"name":"functions"},"function":{"name":"api"},"message":"\u001b[90m> \u001b[39m     at Function.generate (/Users/sriramrakshith/javascript work/React-Dev/amazon-clone/functions/node_modules/stripe/lib/Error.js:39:16)"}}
[info] >      at IncomingMessage.<anonymous> (/Users/sriramrakshith/javascript work/React-Dev/amazon-clone/functions/node_modules/stripe/lib/StripeResource.js:190:33) {"user":"    at IncomingMessage.<anonymous> (/Users/sriramrakshith/javascript work/React-Dev/amazon-clone/functions/node_modules/stripe/lib/StripeResource.js:190:33)","metadata":{"emulator":{"name":"functions"},"function":{"name":"api"},"message":"\u001b[90m> \u001b[39m     at IncomingMessage.<anonymous> (/Users/sriramrakshith/javascript work/React-Dev/amazon-clone/functions/node_modules/stripe/lib/StripeResource.js:190:33)"}}
[info] >      at Object.onceWrapper (events.js:420:28) {"user":"    at Object.onceWrapper (events.js:420:28)","metadata":{"emulator":{"name":"functions"},"function":{"name":"api"},"message":"\u001b[90m> \u001b[39m     at Object.onceWrapper (events.js:420:28)"}}
[info] >      at IncomingMessage.emit (events.js:326:22) {"user":"    at IncomingMessage.emit (events.js:326:22)","metadata":{"emulator":{"name":"functions"},"function":{"name":"api"},"message":"\u001b[90m> \u001b[39m     at IncomingMessage.emit (events.js:326:22)"}}
[info] >      at endReadableNT (_stream_readable.js:1244:12) {"user":"    at endReadableNT (_stream_readable.js:1244:12)","metadata":{"emulator":{"name":"functions"},"function":{"name":"api"},"message":"\u001b[90m> \u001b[39m     at endReadableNT (_stream_readable.js:1244:12)"}}
[info] >      at processTicksAndRejections (internal/process/task_queues.js:80:21) {"user":"    at processTicksAndRejections (internal/process/task_queues.js:80:21)","metadata":{"emulator":{"name":"functions"},"function":{"name":"api"},"message":"\u001b[90m> \u001b[39m     at processTicksAndRejections (internal/process/task_queues.js:80:21)"}}
[info] >  (Use `node --trace-warnings ...` to show where the warning was created) {"user":"(Use `node --trace-warnings ...` to show where the warning was created)","metadata":{"emulator":{"name":"functions"},"function":{"name":"api"},"message":"\u001b[90m> \u001b[39m (Use `node --trace-warnings ...` to show where the warning was created)"}}
[info] >  (node:6560) UnhandledPromiseRejectionWarning: Unhandled promise rejection. This error originated either by throwing inside of an async function without a catch block, or by rejecting a promise which was not handled with .catch(). To terminate the node process on unhandled promise rejection, use the CLI flag `--unhandled-rejections=strict` (see https://nodejs.org/api/cli.html#cli_unhandled_rejections_mode). (rejection id: 1) {"user":"(node:6560) UnhandledPromiseRejectionWarning: Unhandled promise rejection. This error originated either by throwing inside of an async function without a catch block, or by rejecting a promise which was not handled with .catch(). To terminate the node process on unhandled promise rejection, use the CLI flag `--unhandled-rejections=strict` (see https://nodejs.org/api/cli.html#cli_unhandled_rejections_mode). (rejection id: 1)","metadata":{"emulator":{"name":"functions"},"function":{"name":"api"},"message":"\u001b[90m> \u001b[39m (node:6560) UnhandledPromiseRejectionWarning: Unhandled promise rejection. This error originated either by throwing inside of an async function without a catch block, or by rejecting a promise which was not handled with .catch(). To terminate the node process on unhandled promise rejection, use the CLI flag `--unhandled-rejections=strict` (see https://nodejs.org/api/cli.html#cli_unhandled_rejections_mode). (rejection id: 1)"}}
[info] >  (node:6560) [DEP0018] DeprecationWarning: Unhandled promise rejections are deprecated. In the future, promise rejections that are not handled will terminate the Node.js process with a non-zero exit code. {"user":"(node:6560) [DEP0018] DeprecationWarning: Unhandled promise rejections are deprecated. In the future, promise rejections that are not handled will terminate the Node.js process with a non-zero exit code.","metadata":{"emulator":{"name":"functions"},"function":{"name":"api"},"message":"\u001b[90m> \u001b[39m (node:6560) [DEP0018] DeprecationWarning: Unhandled promise rejections are deprecated. In the future, promise rejections that are not handled will terminate the Node.js process with a non-zero exit code."}}
[warn] ⚠  functions: Your function timed out after ~60s. To configure this timeout, see
      https://firebase.google.com/docs/functions/manage-functions#set_timeout_and_memory_allocation. {"metadata":{"emulator":{"name":"functions"},"function":{"name":"api"},"message":"Your function timed out after ~60s. To configure this timeout, see\n      https://firebase.google.com/docs/functions/manage-functions#set_timeout_and_memory_allocation."}}
[info] >  /usr/local/lib/node_modules/firebase-tools/lib/emulator/functionsEmulatorRuntime.js:642 {"user":"/usr/local/lib/node_modules/firebase-tools/lib/emulator/functionsEmulatorRuntime.js:642","metadata":{"emulator":{"name":"functions"},"function":{"name":"api"},"message":"\u001b[90m> \u001b[39m /usr/local/lib/node_modules/firebase-tools/lib/emulator/functionsEmulatorRuntime.js:642"}}
[info] >                  throw new Error("Function timed out."); {"user":"                throw new Error(\"Function timed out.\");","metadata":{"emulator":{"name":"functions"},"function":{"name":"api"},"message":"\u001b[90m> \u001b[39m                 throw new Error(\"Function timed out.\");"}}
[info] >                  ^ {"user":"                ^","metadata":{"emulator":{"name":"functions"},"function":{"name":"api"},"message":"\u001b[90m> \u001b[39m                 ^"}}
[info] >   {"user":"","metadata":{"emulator":{"name":"functions"},"function":{"name":"api"},"message":"\u001b[90m> \u001b[39m "}}
[info] >  Error: Function timed out. {"user":"Error: Function timed out.","metadata":{"emulator":{"name":"functions"},"function":{"name":"api"},"message":"\u001b[90m> \u001b[39m Error: Function timed out."}}
[info] >      at Timeout._onTimeout (/usr/local/lib/node_modules/firebase-tools/lib/emulator/functionsEmulatorRuntime.js:642:23) {"user":"    at Timeout._onTimeout (/usr/local/lib/node_modules/firebase-tools/lib/emulator/functionsEmulatorRuntime.js:642:23)","metadata":{"emulator":{"name":"functions"},"function":{"name":"api"},"message":"\u001b[90m> \u001b[39m     at Timeout._onTimeout (/usr/local/lib/node_modules/firebase-tools/lib/emulator/functionsEmulatorRuntime.js:642:23)"}}
[info] >      at listOnTimeout (internal/timers.js:551:17) {"user":"    at listOnTimeout (internal/timers.js:551:17)","metadata":{"emulator":{"name":"functions"},"function":{"name":"api"},"message":"\u001b[90m> \u001b[39m     at listOnTimeout (internal/timers.js:551:17)"}}
[info] >      at processTimers (internal/timers.js:494:7) {"user":"    at processTimers (internal/timers.js:494:7)","metadata":{"emulator":{"name":"functions"},"function":{"name":"api"},"message":"\u001b[90m> \u001b[39m     at processTimers (internal/timers.js:494:7)"}}
[debug] [2020-09-12T05:28:46.740Z] [worker-api-8d38fff5-3e4f-4171-84e5-2e3b4a942645]: exited {"metadata":{"emulator":{"name":"functions"},"message":"[worker-api-8d38fff5-3e4f-4171-84e5-2e3b4a942645]: exited"}}
[debug] [2020-09-12T05:28:46.740Z] [worker-api-8d38fff5-3e4f-4171-84e5-2e3b4a942645]: FINISHED {"metadata":{"emulator":{"name":"functions"},"message":"[worker-api-8d38fff5-3e4f-4171-84e5-2e3b4a942645]: FINISHED"}}
[debug] [2020-09-12T05:28:46.740Z] [work-queue] {"queueLength":0,"workRunningCount":0}
